0 info it worked if it ends with ok
1 verbose cli [ 'node', '/Users/gyaresu/.node/bin/npm', 'i' ]
2 info using npm@2.12.0
3 info using node@v0.12.5
4 verbose node symlink /usr/local/bin/node
5 verbose readDependencies loading dependencies from /Users/gyaresu/programming/projects/nodeschool/learnyoureact/package.json
6 error install Couldn't read dependencies
7 verbose stack Error: ENOENT, open '/Users/gyaresu/programming/projects/nodeschool/learnyoureact/package.json'
7 verbose stack     at Error (native)
8 verbose cwd /Users/gyaresu/programming/projects/nodeschool/learnyoureact
9 error Darwin 14.4.0
10 error argv "node" "/Users/gyaresu/.node/bin/npm" "i"
11 error node v0.12.5
12 error npm  v2.12.0
13 error path /Users/gyaresu/programming/projects/nodeschool/learnyoureact/package.json
14 error code ENOPACKAGEJSON
15 error errno -2
16 error package.json ENOENT, open '/Users/gyaresu/programming/projects/nodeschool/learnyoureact/package.json'
16 error package.json This is most likely not a problem with npm itself.
16 error package.json npm can't find a package.json file in your current directory.
17 verbose exit [ -2, true ]
