0 info it worked if it ends with ok
1 verbose cli [ 'node', '/usr/local/bin/npm', 'update', '-g', 'concat-stream' ]
2 info using npm@2.1.11
3 info using node@v0.10.33
4 verbose node symlink /usr/local/bin/node
5 silly mapToRegistry name concat-stream
6 silly mapToRegistry using default registry
7 silly mapToRegistry registry https://registry.npmjs.org/
8 silly mapToRegistry uri https://registry.npmjs.org/concat-stream
9 silly mapToRegistry name concat-stream
10 silly mapToRegistry using default registry
11 silly mapToRegistry registry https://registry.npmjs.org/
12 silly mapToRegistry uri https://registry.npmjs.org/concat-stream
13 silly mapToRegistry name concat-stream
14 silly mapToRegistry using default registry
15 silly mapToRegistry registry https://registry.npmjs.org/
16 silly mapToRegistry uri https://registry.npmjs.org/concat-stream
17 verbose request uri https://registry.npmjs.org/concat-stream
18 verbose request no auth needed
19 info attempt registry request try #1 at 18:49:28
20 verbose request id 677246227d20071c
21 verbose etag "B9OHZ8QMCNQQJB9KCNMDE4YFI"
22 http request GET https://registry.npmjs.org/concat-stream
23 silly mapToRegistry name concat-stream
24 silly mapToRegistry using default registry
25 silly mapToRegistry registry https://registry.npmjs.org/
26 silly mapToRegistry uri https://registry.npmjs.org/concat-stream
27 silly mapToRegistry name concat-stream
28 silly mapToRegistry using default registry
29 silly mapToRegistry registry https://registry.npmjs.org/
30 silly mapToRegistry uri https://registry.npmjs.org/concat-stream
31 verbose request uri https://registry.npmjs.org/concat-stream
32 verbose request no auth needed
33 info attempt registry request try #1 at 18:49:28
34 verbose etag "B9OHZ8QMCNQQJB9KCNMDE4YFI"
35 http request GET https://registry.npmjs.org/concat-stream
36 verbose request uri https://registry.npmjs.org/concat-stream
37 verbose request no auth needed
38 info attempt registry request try #1 at 18:49:28
39 verbose etag "B9OHZ8QMCNQQJB9KCNMDE4YFI"
40 http request GET https://registry.npmjs.org/concat-stream
41 verbose request uri https://registry.npmjs.org/concat-stream
42 verbose request no auth needed
43 info attempt registry request try #1 at 18:49:28
44 verbose etag "B9OHZ8QMCNQQJB9KCNMDE4YFI"
45 http request GET https://registry.npmjs.org/concat-stream
46 silly mapToRegistry name concat-stream
47 silly mapToRegistry using default registry
48 silly mapToRegistry registry https://registry.npmjs.org/
49 silly mapToRegistry uri https://registry.npmjs.org/concat-stream
50 verbose request uri https://registry.npmjs.org/concat-stream
51 verbose request no auth needed
52 info attempt registry request try #1 at 18:49:28
53 verbose etag "B9OHZ8QMCNQQJB9KCNMDE4YFI"
54 http request GET https://registry.npmjs.org/concat-stream
55 verbose request uri https://registry.npmjs.org/concat-stream
56 verbose request no auth needed
57 info attempt registry request try #1 at 18:49:28
58 verbose etag "B9OHZ8QMCNQQJB9KCNMDE4YFI"
59 http request GET https://registry.npmjs.org/concat-stream
60 silly mapToRegistry name concat-stream
61 silly mapToRegistry using default registry
62 silly mapToRegistry registry https://registry.npmjs.org/
63 silly mapToRegistry uri https://registry.npmjs.org/concat-stream
64 http 304 https://registry.npmjs.org/concat-stream
65 silly get cb [ 304,
65 silly get   { date: 'Fri, 05 Dec 2014 18:49:28 GMT',
65 silly get     server: 'Apache',
65 silly get     via: '1.1 varnish',
65 silly get     'last-modified': 'Fri, 05 Dec 2014 18:49:28 GMT',
65 silly get     'cache-control': 'max-age=60',
65 silly get     etag: '"B9OHZ8QMCNQQJB9KCNMDE4YFI"',
65 silly get     age: '29',
65 silly get     'x-served-by': 'cache-lcy1120-LCY',
65 silly get     'x-cache': 'HIT',
65 silly get     'x-cache-hits': '1',
65 silly get     'x-timer': 'S1417805368.773462,VS0,VE0',
65 silly get     vary: 'Accept',
65 silly get     'content-length': '0',
65 silly get     'keep-alive': 'timeout=10, max=50',
65 silly get     connection: 'Keep-Alive' } ]
66 verbose etag https://registry.npmjs.org/concat-stream from cache
67 http 304 https://registry.npmjs.org/concat-stream
68 silly get cb [ 304,
68 silly get   { date: 'Fri, 05 Dec 2014 18:49:28 GMT',
68 silly get     server: 'Apache',
68 silly get     via: '1.1 varnish',
68 silly get     'last-modified': 'Fri, 05 Dec 2014 18:49:28 GMT',
68 silly get     'cache-control': 'max-age=60',
68 silly get     etag: '"B9OHZ8QMCNQQJB9KCNMDE4YFI"',
68 silly get     age: '29',
68 silly get     'x-served-by': 'cache-lcy1133-LCY',
68 silly get     'x-cache': 'HIT',
68 silly get     'x-cache-hits': '1',
68 silly get     'x-timer': 'S1417805368.810530,VS0,VE0',
68 silly get     vary: 'Accept',
68 silly get     'content-length': '0',
68 silly get     'keep-alive': 'timeout=10, max=50',
68 silly get     connection: 'Keep-Alive' } ]
69 verbose etag https://registry.npmjs.org/concat-stream from cache
70 http 304 https://registry.npmjs.org/concat-stream
71 silly get cb [ 304,
71 silly get   { date: 'Fri, 05 Dec 2014 18:49:28 GMT',
71 silly get     server: 'Apache',
71 silly get     via: '1.1 varnish',
71 silly get     'last-modified': 'Fri, 05 Dec 2014 18:49:28 GMT',
71 silly get     'cache-control': 'max-age=60',
71 silly get     etag: '"B9OHZ8QMCNQQJB9KCNMDE4YFI"',
71 silly get     age: '29',
71 silly get     'x-served-by': 'cache-lcy1135-LCY',
71 silly get     'x-cache': 'HIT',
71 silly get     'x-cache-hits': '1',
71 silly get     'x-timer': 'S1417805368.853939,VS0,VE0',
71 silly get     vary: 'Accept',
71 silly get     'content-length': '0',
71 silly get     'keep-alive': 'timeout=10, max=50',
71 silly get     connection: 'Keep-Alive' } ]
72 verbose etag https://registry.npmjs.org/concat-stream from cache
73 verbose request uri https://registry.npmjs.org/concat-stream
74 verbose request no auth needed
75 info attempt registry request try #1 at 18:49:28
76 verbose etag "B9OHZ8QMCNQQJB9KCNMDE4YFI"
77 http request GET https://registry.npmjs.org/concat-stream
78 http 304 https://registry.npmjs.org/concat-stream
79 silly get cb [ 304,
79 silly get   { date: 'Fri, 05 Dec 2014 18:49:28 GMT',
79 silly get     server: 'Apache',
79 silly get     via: '1.1 varnish',
79 silly get     'last-modified': 'Fri, 05 Dec 2014 18:49:28 GMT',
79 silly get     'cache-control': 'max-age=60',
79 silly get     etag: '"B9OHZ8QMCNQQJB9KCNMDE4YFI"',
79 silly get     age: '29',
79 silly get     'x-served-by': 'cache-lcy1120-LCY',
79 silly get     'x-cache': 'HIT',
79 silly get     'x-cache-hits': '2',
79 silly get     'x-timer': 'S1417805368.884448,VS0,VE0',
79 silly get     vary: 'Accept',
79 silly get     'content-length': '0',
79 silly get     'keep-alive': 'timeout=10, max=49',
79 silly get     connection: 'Keep-Alive' } ]
80 verbose etag https://registry.npmjs.org/concat-stream from cache
81 silly mapToRegistry name concat-stream
82 silly mapToRegistry using default registry
83 silly mapToRegistry registry https://registry.npmjs.org/
84 silly mapToRegistry uri https://registry.npmjs.org/concat-stream
85 http 304 https://registry.npmjs.org/concat-stream
86 silly get cb [ 304,
86 silly get   { date: 'Fri, 05 Dec 2014 18:49:28 GMT',
86 silly get     server: 'Apache',
86 silly get     via: '1.1 varnish',
86 silly get     'last-modified': 'Fri, 05 Dec 2014 18:49:28 GMT',
86 silly get     'cache-control': 'max-age=60',
86 silly get     etag: '"B9OHZ8QMCNQQJB9KCNMDE4YFI"',
86 silly get     age: '29',
86 silly get     'x-served-by': 'cache-lcy1121-LCY',
86 silly get     'x-cache': 'HIT',
86 silly get     'x-cache-hits': '1',
86 silly get     'x-timer': 'S1417805368.960964,VS0,VE0',
86 silly get     vary: 'Accept',
86 silly get     'content-length': '0',
86 silly get     'keep-alive': 'timeout=10, max=50',
86 silly get     connection: 'Keep-Alive' } ]
87 verbose etag https://registry.npmjs.org/concat-stream from cache
88 http 304 https://registry.npmjs.org/concat-stream
89 silly get cb [ 304,
89 silly get   { date: 'Fri, 05 Dec 2014 18:49:28 GMT',
89 silly get     server: 'Apache',
89 silly get     via: '1.1 varnish',
89 silly get     'last-modified': 'Fri, 05 Dec 2014 18:49:28 GMT',
89 silly get     'cache-control': 'max-age=60',
89 silly get     etag: '"B9OHZ8QMCNQQJB9KCNMDE4YFI"',
89 silly get     age: '29',
89 silly get     'x-served-by': 'cache-lcy1123-LCY',
89 silly get     'x-cache': 'HIT',
89 silly get     'x-cache-hits': '1',
89 silly get     'x-timer': 'S1417805368.964418,VS0,VE0',
89 silly get     vary: 'Accept',
89 silly get     'content-length': '0',
89 silly get     'keep-alive': 'timeout=10, max=50',
89 silly get     connection: 'Keep-Alive' } ]
90 verbose etag https://registry.npmjs.org/concat-stream from cache
91 verbose request uri https://registry.npmjs.org/concat-stream
92 verbose request no auth needed
93 info attempt registry request try #1 at 18:49:29
94 verbose etag "B9OHZ8QMCNQQJB9KCNMDE4YFI"
95 http request GET https://registry.npmjs.org/concat-stream
96 http 304 https://registry.npmjs.org/concat-stream
97 silly get cb [ 304,
97 silly get   { date: 'Fri, 05 Dec 2014 18:49:29 GMT',
97 silly get     server: 'Apache',
97 silly get     via: '1.1 varnish',
97 silly get     'last-modified': 'Fri, 05 Dec 2014 18:49:29 GMT',
97 silly get     'cache-control': 'max-age=60',
97 silly get     etag: '"B9OHZ8QMCNQQJB9KCNMDE4YFI"',
97 silly get     age: '30',
97 silly get     'x-served-by': 'cache-lcy1124-LCY',
97 silly get     'x-cache': 'HIT',
97 silly get     'x-cache-hits': '1',
97 silly get     'x-timer': 'S1417805369.127619,VS0,VE0',
97 silly get     vary: 'Accept',
97 silly get     'content-length': '0',
97 silly get     'keep-alive': 'timeout=10, max=50',
97 silly get     connection: 'Keep-Alive' } ]
98 verbose etag https://registry.npmjs.org/concat-stream from cache
99 http 304 https://registry.npmjs.org/concat-stream
100 silly get cb [ 304,
100 silly get   { date: 'Fri, 05 Dec 2014 18:49:29 GMT',
100 silly get     server: 'Apache',
100 silly get     via: '1.1 varnish',
100 silly get     'last-modified': 'Fri, 05 Dec 2014 18:49:29 GMT',
100 silly get     'cache-control': 'max-age=60',
100 silly get     etag: '"B9OHZ8QMCNQQJB9KCNMDE4YFI"',
100 silly get     age: '30',
100 silly get     'x-served-by': 'cache-lcy1126-LCY',
100 silly get     'x-cache': 'HIT',
100 silly get     'x-cache-hits': '1',
100 silly get     'x-timer': 'S1417805369.177035,VS0,VE1',
100 silly get     vary: 'Accept',
100 silly get     'content-length': '0',
100 silly get     'keep-alive': 'timeout=10, max=50',
100 silly get     connection: 'Keep-Alive' } ]
101 verbose etag https://registry.npmjs.org/concat-stream from cache
102 info outdated updating [ [ '/usr/local/lib/node_modules/introtowebgl',
102 info outdated     'concat-stream',
102 info outdated     '1.4.6',
102 info outdated     '1.4.7',
102 info outdated     '1.4.7',
102 info outdated     '^1.4.1' ],
102 info outdated   [ '/usr/local/lib/node_modules/learnyounode',
102 info outdated     'concat-stream',
102 info outdated     '1.4.6',
102 info outdated     '1.4.7',
102 info outdated     '1.4.7',
102 info outdated     '^1.4.1' ],
102 info outdated   [ '/usr/local/lib/node_modules/npm/node_modules/npm-registry-client',
102 info outdated     'concat-stream',
102 info outdated     '1.4.6',
102 info outdated     '1.4.7',
102 info outdated     '1.4.7',
102 info outdated     '^1.4.6' ],
102 info outdated   [ '/usr/local/lib/node_modules/torrent',
102 info outdated     'concat-stream',
102 info outdated     '1.4.6',
102 info outdated     '1.4.7',
102 info outdated     '1.4.7',
102 info outdated     '^1.4.6' ],
102 info outdated   [ '/usr/local/lib/node_modules/shader-school/node_modules/glslify',
102 info outdated     'concat-stream',
102 info outdated     '1.4.6',
102 info outdated     '1.4.7',
102 info outdated     '1.4.7',
102 info outdated     '^1.4.1' ],
102 info outdated   [ '/usr/local/lib/node_modules/shader-school/node_modules/beefy',
102 info outdated     'concat-stream',
102 info outdated     '1.4.6',
102 info outdated     '1.4.7',
102 info outdated     '1.4.7',
102 info outdated     '^1.4.3' ],
102 info outdated   [ '/usr/local/lib/node_modules/shader-school/node_modules/baboon-image/node_modules/ndpack-image',
102 info outdated     'concat-stream',
102 info outdated     '1.4.6',
102 info outdated     '1.4.7',
102 info outdated     '1.4.7',
102 info outdated     '^1.4.5' ],
102 info outdated   [ '/usr/local/lib/node_modules/shader-school/node_modules/glslify-live/node_modules/glslify-bundle',
102 info outdated     'concat-stream',
102 info outdated     '1.4.6',
102 info outdated     '1.4.7',
102 info outdated     '1.4.7',
102 info outdated     '^1.4.6' ] ]
103 verbose stack Error: EMFILE, readdir '/usr/local/lib/node_modules/nodemon/node_modules/minimatch/node_modules/sigmund'
104 verbose cwd /Users/gyaresu/programming/projects/nodeschool/introtowebgl
105 error Darwin 13.4.0
106 error argv "node" "/usr/local/bin/npm" "update" "-g" "concat-stream"
107 error node v0.10.33
108 error npm  v2.1.11
109 error path /usr/local/lib/node_modules/nodemon/node_modules/minimatch/node_modules/sigmund
110 error code EMFILE
111 error errno 20
112 error EMFILE, readdir '/usr/local/lib/node_modules/nodemon/node_modules/minimatch/node_modules/sigmund'
113 error If you need help, you may report this error at:
113 error     <http://github.com/npm/npm/issues>
114 verbose exit [ 20, true ]
